2023-08-28 14:55:26 INFO  BackOfficeAdminMenu:46 - Employee with name: John Doe and NIF: 0 initialized the BackOffice Menu
2023-08-28 14:55:29 INFO  BackOfficeAdminMenu:135 - Employee with name: John DoeNIF: 0 logged out
2023-08-28 16:58:49 INFO  BackOfficeAdminMenu:46 - Employee with name: John Doe and NIF: 0 initialized the BackOffice Menu
2023-08-28 16:58:54 INFO  BackOfficeAdminMenu:119 - Employee with name: John Doe NIF: 0 entered the Insert Menu Page
2023-08-28 16:58:56 INFO  BackOfficeAdminMenu:3767 - Employee with name: John DoeNIF: 0 entered the insert vehicle menu
2023-08-28 16:59:20 INFO  BackOfficeAdminMenu:4477 - Employee with name: John DoeNIF: 0 logged out
2023-08-28 22:34:37 INFO  BackOfficeAdminMenu:46 - Employee with name: John Doe and NIF: 0 initialized the BackOffice Menu
2023-08-28 22:34:42 INFO  BackOfficeAdminMenu:119 - Employee with name: John Doe NIF: 0 entered the Insert Menu Page
2023-08-28 22:34:45 INFO  BackOfficeAdminMenu:3767 - Employee with name: John DoeNIF: 0 entered the insert vehicle menu
2023-08-28 22:34:52 INFO  BackOfficeAdminMenu:4471 - Employee with name: John DoeNIF: 0 logged out
2023-08-28 22:34:53 INFO  BackOfficeAdminMenu:3747 - Employee with name: John DoeNIF: 0 went back to main menu
2023-08-28 22:34:54 INFO  BackOfficeAdminMenu:135 - Employee with name: John Doe NIF: 0 entered the Search Menu Page
2023-08-28 22:34:56 INFO  BackOfficeAdminMenu:379 - Employee with name: John Doe NIF: 0 entered the Vehicle Display Page
2023-08-28 22:35:04 INFO  BackOfficeAdminMenu:1787 - Employee with name: John Doe NIF: 0 the display had the vehicles ordered by brand
2023-08-28 22:35:09 INFO  BackOfficeAdminMenu:1703 - Employee with name: John Doe NIF: 0 went back to the search menu
2023-08-28 22:35:11 INFO  BackOfficeAdminMenu:387 - Employee with name: John Doe NIF: 0 entered the Customer Display Page
2023-08-28 22:35:23 INFO  BackOfficeAdminMenu:363 - Employee with name: John Doe NIF: 0 logged out
2023-08-28 22:40:05 INFO  BackOfficeAdminMenu:46 - Employee with name: John Doe and NIF: 0 initialized the BackOffice Menu
2023-08-28 22:40:09 INFO  BackOfficeAdminMenu:65 - Employee with name: John Doe NIF: 0 logged out
2023-08-28 23:40:57 INFO  BackOfficeAdminMenu:46 - Employee with name: John Doe and NIF: 0 initialized the BackOffice Menu
2023-08-28 23:41:00 INFO  BackOfficeAdminMenu:119 - Employee with name: John Doe NIF: 0 entered the Registration Menu Page
2023-08-28 23:41:04 INFO  BackOfficeAdminMenu:3767 - Employee with name: John DoeNIF: 0 entered the vehicle registration page
2023-08-28 23:41:09 INFO  BackOfficeAdminMenu:4477 - Employee with name: John DoeNIF: 0 logged out
2023-08-29 10:45:51 INFO  BackOfficeAdminMenu:46 - Employee with name: John Doe and NIF: 0 initialized the BackOffice Menu
2023-08-29 10:45:53 INFO  BackOfficeAdminMenu:119 - Employee with name: John Doe NIF: 0 entered the Registration Menu Page
2023-08-29 10:45:55 INFO  BackOfficeAdminMenu:3747 - Employee with name: John DoeNIF: 0 went back to main menu
2023-08-29 10:45:56 INFO  BackOfficeAdminMenu:135 - Employee with name: John Doe NIF: 0 entered the Search Menu Page
2023-08-29 10:46:00 INFO  BackOfficeAdminMenu:387 - Employee with name: John Doe NIF: 0 entered the Customer Display Page
2023-08-29 10:46:21 INFO  BackOfficeAdminMenu:355 - Employee with name: John Doe NIF: 0 went back to the main menu
2023-08-29 10:46:22 INFO  BackOfficeAdminMenu:139 - Employee with name: John Doe NIF: 0 entered the Task Menu Page
2023-08-29 10:46:25 INFO  BackOfficeAdminMenu:259 - Employee with name: John Doe NIF: 0 entered the View All Tasks Page
2023-08-29 10:46:29 INFO  BackOfficeAdminMenu:218 - Employee with name: John Doe NIF: 0logged out
2023-08-29 10:49:13 INFO  BackOfficeAdminMenu:46 - Employee with name: John Doe and NIF: 0 initialized the BackOffice Menu
2023-08-29 10:49:15 INFO  BackOfficeAdminMenu:139 - Employee with name: John Doe NIF: 0 entered the Task Menu Page
2023-08-29 10:49:19 INFO  BackOfficeAdminMenu:259 - Employee with name: John Doe NIF: 0 entered the View All Tasks Page
2023-08-29 10:52:31 INFO  BackOfficeAdminMenu:46 - Employee with name: John Doe and NIF: 0 initialized the BackOffice Menu
2023-08-29 10:52:53 INFO  BackOfficeAdminMenu:139 - Employee with name: John Doe NIF: 0 entered the Task Menu Page
2023-08-29 10:52:54 INFO  BackOfficeAdminMenu:259 - Employee with name: John Doe NIF: 0 entered the View All Tasks Page
2023-08-29 10:53:02 INFO  BackOfficeAdminMenu:227 - Employee with name: John Doe NIF: 0 entered the Main Menu
2023-08-29 10:53:05 INFO  BackOfficeAdminMenu:65 - Employee with name: John Doe NIF: 0 logged out
2023-08-29 11:12:28 INFO  BackOfficeAdminMenu:46 - Employee with name: John Doe and NIF: 0 initialized the BackOffice Menu
2023-08-29 11:12:30 INFO  BackOfficeAdminMenu:70 - Employee with name: John Doe NIF: 0 logged out
2023-08-29 11:15:55 INFO  BackOfficeAdminMenu:46 - Employee with name: John Doe and NIF: 0 initialized the BackOffice Menu
2023-08-29 11:15:59 INFO  BackOfficeAdminMenu:161 - Employee with name: John Doe NIF: 0 logged out
2023-08-29 11:16:28 INFO  BackOfficeAdminMenu:46 - Employee with name: John Doe and NIF: 0 initialized the BackOffice Menu
2023-08-29 11:16:38 INFO  BackOfficeAdminMenu:68 - Employee with name: John Doe NIF: 0 logged out
2023-08-29 11:18:16 INFO  BackOfficeAdminMenu:46 - Employee with name: John Doe and NIF: 0 initialized the BackOffice Menu
2023-08-29 11:18:27 INFO  BackOfficeAdminMenu:165 - Employee with name: John Doe NIF: 0 logged out
2023-08-29 11:19:25 INFO  BackOfficeAdminMenu:46 - Employee with name: John Doe and NIF: 0 initialized the BackOffice Menu
2023-08-29 11:19:28 INFO  BackOfficeAdminMenu:165 - Employee with name: John Doe NIF: 0 logged out
2023-08-29 11:21:53 INFO  BackOfficeAdminMenu:46 - Employee with name: John Doe and NIF: 0 initialized the BackOffice Menu
2023-08-29 11:21:56 INFO  BackOfficeAdminMenu:164 - Employee with name: John Doe NIF: 0 logged out
2023-08-29 11:22:33 INFO  BackOfficeAdminMenu:46 - Employee with name: John Doe and NIF: 0 initialized the BackOffice Menu
2023-08-29 11:22:42 INFO  BackOfficeAdminMenu:68 - Employee with name: John Doe NIF: 0 logged out
2023-08-29 11:23:37 INFO  BackOfficeAdminMenu:46 - Employee with name: John Doe and NIF: 0 initialized the BackOffice Menu
2023-08-29 11:23:47 INFO  BackOfficeAdminMenu:68 - Employee with name: John Doe NIF: 0 logged out
2023-08-29 11:25:15 INFO  BackOfficeAdminMenu:46 - Employee with name: John Doe and NIF: 0 initialized the BackOffice Menu
2023-08-29 11:25:18 INFO  BackOfficeAdminMenu:68 - Employee with name: John Doe NIF: 0 logged out
2023-08-29 11:26:53 INFO  BackOfficeAdminMenu:46 - Employee with name: John Doe and NIF: 0 initialized the BackOffice Menu
2023-08-29 11:28:06 INFO  BackOfficeAdminMenu:46 - Employee with name: John Doe and NIF: 0 initialized the BackOffice Menu
2023-08-29 11:28:55 INFO  BackOfficeAdminMenu:46 - Employee with name: John Doe and NIF: 0 initialized the BackOffice Menu
2023-08-29 11:29:02 INFO  BackOfficeAdminMenu:74 - Employee with name: John Doe NIF: 0 logged out
2023-08-29 11:30:01 INFO  BackOfficeAdminMenu:46 - Employee with name: John Doe and NIF: 0 initialized the BackOffice Menu
2023-08-29 11:30:04 INFO  BackOfficeAdminMenu:74 - Employee with name: John Doe NIF: 0 logged out
2023-08-29 11:33:24 INFO  BackOfficeAdminMenu:46 - Employee with name: John Doe and NIF: 0 initialized the BackOffice Menu
2023-08-29 11:33:35 INFO  BackOfficeAdminMenu:171 - Employee with name: John Doe NIF: 0 logged out
2023-08-29 11:34:39 INFO  BackOfficeAdminMenu:46 - Employee with name: John Doe and NIF: 0 initialized the BackOffice Menu
2023-08-29 11:34:49 INFO  BackOfficeAdminMenu:172 - Employee with name: John Doe NIF: 0 logged out
2023-08-29 11:37:14 INFO  BackOfficeAdminMenu:46 - Employee with name: John Doe and NIF: 0 initialized the BackOffice Menu
2023-08-29 11:37:29 INFO  BackOfficeAdminMenu:80 - Employee with name: John Doe NIF: 0 logged out
2023-08-29 11:40:00 INFO  BackOfficeAdminMenu:46 - Employee with name: John Doe and NIF: 0 initialized the BackOffice Menu
2023-08-29 11:40:24 INFO  BackOfficeAdminMenu:172 - Employee with name: John Doe NIF: 0 logged out
2023-08-29 11:40:48 INFO  BackOfficeAdminMenu:46 - Employee with name: John Doe and NIF: 0 initialized the BackOffice Menu
2023-08-29 11:42:24 INFO  BackOfficeAdminMenu:80 - Employee with name: John Doe NIF: 0 logged out
2023-08-29 11:42:43 INFO  BackOfficeAdminMenu:46 - Employee with name: John Doe and NIF: 0 initialized the BackOffice Menu
2023-08-29 11:44:13 INFO  BackOfficeAdminMenu:80 - Employee with name: John Doe NIF: 0 logged out
2023-08-29 11:45:43 INFO  BackOfficeAdminMenu:46 - Employee with name: John Doe and NIF: 0 initialized the BackOffice Menu
2023-08-29 11:45:52 INFO  BackOfficeAdminMenu:80 - Employee with name: John Doe NIF: 0 logged out
2023-08-29 11:46:30 INFO  BackOfficeAdminMenu:46 - Employee with name: John Doe and NIF: 0 initialized the BackOffice Menu
2023-08-29 11:46:33 INFO  BackOfficeAdminMenu:80 - Employee with name: John Doe NIF: 0 logged out
2023-08-29 11:48:34 INFO  BackOfficeAdminMenu:46 - Employee with name: John Doe and NIF: 0 initialized the BackOffice Menu
2023-08-29 11:49:15 INFO  BackOfficeAdminMenu:46 - Employee with name: John Doe and NIF: 0 initialized the BackOffice Menu
2023-08-29 11:51:11 INFO  BackOfficeAdminMenu:80 - Employee with name: John Doe NIF: 0 logged out
2023-08-29 11:52:59 INFO  BackOfficeAdminMenu:46 - Employee with name: John Doe and NIF: 0 initialized the BackOffice Menu
2023-08-29 11:54:09 INFO  BackOfficeAdminMenu:80 - Employee with name: John Doe NIF: 0 logged out
2023-08-29 11:54:34 INFO  BackOfficeAdminMenu:46 - Employee with name: John Doe and NIF: 0 initialized the BackOffice Menu
2023-08-29 11:54:52 INFO  BackOfficeAdminMenu:80 - Employee with name: John Doe NIF: 0 logged out
2023-08-29 11:57:07 INFO  BackOfficeAdminMenu:46 - Employee with name: John Doe and NIF: 0 initialized the BackOffice Menu
2023-08-29 11:57:20 INFO  BackOfficeAdminMenu:81 - Employee with name: John Doe NIF: 0 logged out
2023-08-29 11:58:47 INFO  BackOfficeAdminMenu:46 - Employee with name: John Doe and NIF: 0 initialized the BackOffice Menu
2023-08-29 12:01:46 INFO  BackOfficeAdminMenu:81 - Employee with name: John Doe NIF: 0 logged out
2023-08-29 12:02:17 INFO  BackOfficeAdminMenu:46 - Employee with name: John Doe and NIF: 0 initialized the BackOffice Menu
2023-08-29 12:02:23 INFO  BackOfficeAdminMenu:81 - Employee with name: John Doe NIF: 0 logged out
2023-08-29 12:03:04 INFO  BackOfficeAdminMenu:46 - Employee with name: John Doe and NIF: 0 initialized the BackOffice Menu
2023-08-29 12:03:08 INFO  BackOfficeAdminMenu:81 - Employee with name: John Doe NIF: 0 logged out
2023-08-29 14:54:08 INFO  BackOfficeAdminMenu:46 - Employee with name: John Doe and NIF: 0 initialized the BackOffice Menu
2023-08-29 14:54:10 INFO  BackOfficeAdminMenu:177 - Employee with name: John Doe NIF: 0 logged out
2023-08-29 15:34:12 INFO  BackOfficeAdminMenu:46 - Employee with name: John Doe and NIF: 0 initialized the BackOffice Menu
2023-08-29 15:34:18 INFO  BackOfficeAdminMenu:125 - Employee with name: John Doe NIF: 0 entered the Registration Menu Page
2023-08-29 15:34:20 INFO  BackOfficeAdminMenu:3196 - Employee with name: John DoeNIF: 0 entered the vehicle registration page
2023-08-29 15:34:24 INFO  BackOfficeAdminMenu:3902 - Employee with name: John DoeNIF: 0 logged out
2023-08-29 15:34:25 INFO  BackOfficeAdminMenu:3200 - Employee with name: John DoeNIF: 0 entered the employee registration page
2023-08-29 15:34:26 INFO  BackOfficeAdminMenu:3649 - Employee with name: John DoeNIF: 0 returned to registration menu page
2023-08-29 15:34:27 INFO  BackOfficeAdminMenu:3204 - Employee with name: John DoeNIF: 0 entered the customer registration page
2023-08-29 15:34:28 INFO  BackOfficeAdminMenu:3820 - Employee with name: John DoeNIF: 0 returned to registration menu page
2023-08-29 15:34:29 INFO  BackOfficeAdminMenu:3208 - Employee with name: John DoeNIF: 0 entered the ticket registration page
2023-08-29 15:34:30 INFO  BackOfficeAdminMenu:3492 - Employee with name: John DoeNIF: 0 returned to the registration menu page
2023-08-29 15:34:30 INFO  BackOfficeAdminMenu:3212 - Employee with name: John DoeNIF: 0 entered the insurance registration page
2023-08-29 15:34:31 INFO  BackOfficeAdminMenu:3331 - Employee with name: John DoeNIF: 0 went back to the registration menu page
2023-08-29 15:34:32 INFO  BackOfficeAdminMenu:3176 - Employee with name: John DoeNIF: 0 went back to main menu
2023-08-29 15:34:32 INFO  BackOfficeAdminMenu:129 - Employee with name: John Doe NIF: 0 entered the Deactivation Menu Page
2023-08-29 15:34:34 INFO  BackOfficeAdminMenu:2639 - Employee with name: John DoeNIF: 0 went to vehicle deactivation page
2023-08-29 15:34:35 INFO  BackOfficeAdminMenu:3028 - Employee with name: John DoeNIF: 0 went back to deactivation page
2023-08-29 15:34:36 INFO  BackOfficeAdminMenu:2619 - Employee with name: John DoeNIF: 0 went back to update menu page
2023-08-29 15:34:37 INFO  BackOfficeAdminMenu:133 - Employee with name: John Doe NIF: 0 entered the Update Menu Page
2023-08-29 15:34:38 INFO  BackOfficeAdminMenu:1942 - Employee with name: John Doe NIF: 0 went back to the update menu
2023-08-29 15:34:39 INFO  BackOfficeAdminMenu:137 - Employee with name: John Doe NIF: 0 entered the Search Menu Page
2023-08-29 15:34:40 INFO  BackOfficeAdminMenu:348 - Employee with name: John Doe NIF: 0 went back to the main menu
2023-08-29 15:34:41 INFO  BackOfficeAdminMenu:141 - Employee with name: John Doe NIF: 0 entered the Task Menu Page
2023-08-29 15:34:47 INFO  BackOfficeAdminMenu:65 - Employee with name: John Doe NIF: 0 logged out
2023-08-29 15:38:05 INFO  BackOfficeAdminMenu:46 - Employee with name: John Doe and NIF: 0 initialized the BackOffice Menu
2023-08-29 15:41:47 INFO  BackOfficeAdminMenu:81 - Employee with name: John Doe NIF: 0 logged out
2023-08-29 15:48:06 INFO  BackOfficeAdminMenu:46 - Employee with name: John Doe and NIF: 0 initialized the BackOffice Menu
2023-08-29 15:48:08 INFO  BackOfficeAdminMenu:156 - Employee with name: John Doe NIF: 0 entered the Search Menu Page
2023-08-29 15:48:11 INFO  BackOfficeAdminMenu:408 - Employee with name: John Doe NIF: 0 entered the Customer Display Page
2023-08-29 15:48:40 INFO  BackOfficeAdminMenu:1112 - Employee with name: John Doe NIF: 0 displayed all the customers ordered by: Order by NIF
2023-08-29 16:31:59 INFO  BackOfficeAdminMenu:46 - Employee with name: John Doe and NIF: 0 initialized the BackOffice Menu
2023-08-29 16:32:02 INFO  BackOfficeAdminMenu:160 - Employee with name: John Doe NIF: 0 entered the Task Menu Page
2023-08-29 16:32:19 INFO  BackOfficeAdminMenu:258 - Employee with name: John Doe NIF: 0 tried to perform taks with ID: 2
2023-08-29 16:32:19 INFO  BackOfficeAdminMenu:264 - Employee with name: John Doe NIF: 0 completed the task with ID: 2
2023-08-29 16:32:45 INFO  BackOfficeAdminMenu:280 - Employee with name: John Doe NIF: 0 entered the View All Tasks Page
2023-08-29 16:38:41 INFO  BackOfficeAdminMenu:46 - Employee with name: John Doe and NIF: 0 initialized the BackOffice Menu
2023-08-29 16:38:43 INFO  BackOfficeAdminMenu:160 - Employee with name: John Doe NIF: 0 entered the Task Menu Page
2023-08-29 16:38:59 INFO  BackOfficeAdminMenu:239 - Employee with name: John Doe NIF: 0logged out
2023-08-29 16:46:11 INFO  BackOfficeAdminMenu:46 - Employee with name: John Doe and NIF: 0 initialized the BackOffice Menu
2023-08-29 16:46:33 INFO  BackOfficeAdminMenu:160 - Employee with name: John Doe NIF: 0 entered the Task Menu Page
2023-08-29 16:46:37 INFO  BackOfficeAdminMenu:258 - Employee with name: John Doe NIF: 0 tried to perform taks with ID: 3
2023-08-29 16:46:37 INFO  BackOfficeAdminMenu:264 - Employee with name: John Doe NIF: 0 completed the task with ID: 3
2023-08-29 16:46:45 INFO  BackOfficeAdminMenu:284 - Employee with name: John Doe NIF: 0 entered the View All Tasks Page
2023-08-29 16:54:09 INFO  BackOfficeAdminMenu:46 - Employee with name: John Doe and NIF: 0 initialized the BackOffice Menu
2023-08-29 16:54:51 INFO  BackOfficeAdminMenu:140 - Employee with name: John Doe NIF: 0 entered the Registration Menu Page
2023-08-29 16:54:53 INFO  BackOfficeAdminMenu:3872 - Employee with name: John DoeNIF: 0 went back to main menu
2023-08-29 16:54:55 INFO  BackOfficeAdminMenu:160 - Employee with name: John Doe NIF: 0 entered the Task Menu Page
2023-08-29 16:55:12 INFO  BackOfficeAdminMenu:284 - Employee with name: John Doe NIF: 0 entered the View All Tasks Page
2023-08-29 16:55:23 INFO  BackOfficeAdminMenu:258 - Employee with name: John Doe NIF: 0 tried to perform taks with ID: 1
2023-08-29 16:55:23 INFO  BackOfficeAdminMenu:264 - Employee with name: John Doe NIF: 0 completed the task with ID: 1
2023-08-29 16:55:35 INFO  BackOfficeAdminMenu:284 - Employee with name: John Doe NIF: 0 entered the View All Tasks Page
2023-08-29 16:55:58 INFO  BackOfficeAdminMenu:248 - Employee with name: John Doe NIF: 0 entered the Main Menu
2023-08-29 16:56:01 INFO  BackOfficeAdminMenu:140 - Employee with name: John Doe NIF: 0 entered the Registration Menu Page
2023-08-29 16:56:02 INFO  BackOfficeAdminMenu:3900 - Employee with name: John DoeNIF: 0 entered the customer registration page
2023-08-29 16:57:17 INFO  BackOfficeAdminMenu:4477 - Employee with name: John DoeNIF: 0 registered a new customer with NIF: 200000003
2023-08-29 16:57:20 INFO  BackOfficeAdminMenu:4487 - Employee with name: John DoeNIF: 0 failed to register new employee with NIF: 200000003
2023-08-29 16:57:22 INFO  BackOfficeAdminMenu:4487 - Employee with name: John DoeNIF: 0 failed to register new employee with NIF: 200000003
2023-08-29 16:57:23 INFO  BackOfficeAdminMenu:4487 - Employee with name: John DoeNIF: 0 failed to register new employee with NIF: 200000003
2023-08-29 16:57:30 INFO  BackOfficeAdminMenu:4487 - Employee with name: John DoeNIF: 0 failed to register new employee with NIF: 200000003
2023-08-29 16:58:00 INFO  BackOfficeAdminMenu:46 - Employee with name: John Doe and NIF: 0 initialized the BackOffice Menu
2023-08-29 16:58:03 INFO  BackOfficeAdminMenu:140 - Employee with name: John Doe NIF: 0 entered the Registration Menu Page
2023-08-29 16:58:11 INFO  BackOfficeAdminMenu:3892 - Employee with name: John DoeNIF: 0 entered the vehicle registration page
2023-08-29 16:58:52 INFO  BackOfficeAdminMenu:4673 - Employee with name: John DoeNIF: 0 registered a new vehicle with plate: 23-OP-09
2023-08-29 16:58:56 INFO  BackOfficeAdminMenu:4683 - Employee with name: John DoeNIF: 0 failed to registered a new vehicle with plate: 23-OP-09
2023-08-29 16:58:57 INFO  BackOfficeAdminMenu:4683 - Employee with name: John DoeNIF: 0 failed to registered a new vehicle with plate: 23-OP-09
2023-08-29 17:00:11 INFO  BackOfficeAdminMenu:46 - Employee with name: John Doe and NIF: 0 initialized the BackOffice Menu
2023-08-29 17:00:13 INFO  BackOfficeAdminMenu:144 - Employee with name: John Doe NIF: 0 entered the Delete Menu Page
2023-08-29 17:00:16 INFO  BackOfficeAdminMenu:3242 - Employee with name: John DoeNIF: 0 entered the delete customer menu
2023-08-29 17:00:28 INFO  BackOfficeAdminMenu:3759 - Employee with name: John DoeNIF: 0 tried to delete customer with NIF: 200000000 but it was not found
2023-08-29 17:00:35 INFO  BackOfficeAdminMenu:3764 - Employee with name: John DoeNIF: 0 failed to delete customer with NIF: 20000000 but it was not found
2023-08-29 17:00:52 INFO  BackOfficeAdminMenu:3759 - Employee with name: John DoeNIF: 0 tried to delete customer with NIF: 200000003 but it was not found
2023-08-29 17:01:03 INFO  BackOfficeAdminMenu:3759 - Employee with name: John DoeNIF: 0 tried to delete customer with NIF: 200000003 but it was not found
2023-08-29 17:01:34 INFO  BackOfficeAdminMenu:3755 - Employee with name: John DoeNIF: 0 deleted customer with NIF: 200000001
2023-08-29 17:02:00 INFO  BackOfficeAdminMenu:3780 - Employee with name: John DoeNIF: 0 went back to delete menu
2023-08-29 17:02:01 INFO  BackOfficeAdminMenu:3221 - Employee with name: John DoeNIF: 0 went back to delete menu page
2023-08-29 17:02:04 INFO  BackOfficeAdminMenu:148 - Employee with name: John Doe NIF: 0 entered the Deactivation Menu Page
2023-08-29 17:02:07 INFO  BackOfficeAdminMenu:2688 - Employee with name: John DoeNIF: 0 went to customer deactivation page
2023-08-29 17:02:21 INFO  BackOfficeAdminMenu:2775 - Employee with name: John DoeNIF: 0 deactivated customer with NIF: 200000002
2023-08-29 17:02:39 INFO  BackOfficeAdminMenu:2742 - Employee with name: John DoeNIF: 0 went to back to the deactivation menu
2023-08-29 17:02:40 INFO  BackOfficeAdminMenu:2664 - Employee with name: John DoeNIF: 0 went back to update menu page
2023-08-29 17:02:42 INFO  BackOfficeAdminMenu:152 - Employee with name: John Doe NIF: 0 entered the Update Menu Page
2023-08-29 17:02:44 INFO  BackOfficeAdminMenu:2007 - Employee with name: John Doe NIF: 0 entered the vehicle update menu
2023-08-29 17:03:23 INFO  BackOfficeAdminMenu:2541 - Employee with name: John DoeNIF: 0 updated vehicle with plate AA-LD-09 and new color: Red
2023-08-29 17:03:24 INFO  BackOfficeAdminMenu:2545 - Employee with name: John DoeNIF: 0 failed to update vehicle with plate: AA-LD-09 and new color: Red
2023-08-29 17:03:42 INFO  BackOfficeAdminMenu:2498 - Employee with name: John DoeNIF: 0 went back to update menu page
2023-08-29 17:03:43 INFO  BackOfficeAdminMenu:2011 - Employee with name: John Doe NIF: 0 entered the employee update menu
2023-08-29 17:03:47 INFO  BackOfficeAdminMenu:2441 - Employee with name: John DoeNIF: 0 went back to the update menu
2023-08-29 17:03:48 INFO  BackOfficeAdminMenu:1986 - Employee with name: John Doe NIF: 0 went back to the update menu
2023-08-29 17:03:50 INFO  BackOfficeAdminMenu:156 - Employee with name: John Doe NIF: 0 entered the Search Menu Page
2023-08-29 17:03:52 INFO  BackOfficeAdminMenu:404 - Employee with name: John Doe NIF: 0 entered the Vehicle Display Page
2023-08-29 17:05:07 INFO  BackOfficeAdminMenu:1674 - Employee with name: John Doe NIF: 0 displayed all the vehicles with NIF: 200000000
2023-08-29 17:05:27 INFO  BackOfficeAdminMenu:1710 - Employee with name: John Doe NIF: 0 displayed all the vehicles with color: RED
2023-08-29 17:05:32 INFO  BackOfficeAdminMenu:1710 - Employee with name: John Doe NIF: 0 displayed all the vehicles with color: Red
2023-08-29 17:05:58 INFO  BackOfficeAdminMenu:1837 - Employee with name: John Doe NIF: 0 went back to the search menu
2023-08-29 17:06:02 INFO  BackOfficeAdminMenu:380 - Employee with name: John Doe NIF: 0 went back to the main menu
2023-08-29 17:06:52 INFO  BackOfficeAdminMenu:81 - Employee with name: John Doe NIF: 0 logged out
2023-08-29 17:12:12 INFO  BackOfficeAdminMenu:48 - Employee with name: John Doe and NIF: 0 initialized the BackOffice Menu
2023-08-29 17:12:26 INFO  BackOfficeAdminMenu:142 - Employee with name: John Doe NIF: 0 entered the Registration Menu Page
2023-08-29 17:12:28 INFO  BackOfficeAdminMenu:3894 - Employee with name: John DoeNIF: 0 entered the vehicle registration page
2023-08-29 17:13:11 INFO  BackOfficeAdminMenu:4687 - Employee with name: John DoeNIF: 0 failed to registered a new vehicle with plate: DO-L9-09
2023-08-29 17:14:17 INFO  BackOfficeAdminMenu:4687 - Employee with name: John DoeNIF: 0 failed to registered a new vehicle with plate: DO-L9-09
2023-08-29 17:14:17 INFO  BackOfficeAdminMenu:4606 - Employee with name: John DoeNIF: 0 logged out
2023-08-29 17:17:31 INFO  BackOfficeAdminMenu:48 - Employee with name: John Doe and NIF: 0 initialized the BackOffice Menu
2023-08-29 17:17:39 INFO  BackOfficeAdminMenu:142 - Employee with name: John Doe NIF: 0 entered the Registration Menu Page
2023-08-29 17:17:40 INFO  BackOfficeAdminMenu:3906 - Employee with name: John DoeNIF: 0 entered the ticket registration page
2023-08-29 17:18:34 INFO  BackOfficeAdminMenu:4166 - Employee with name: John DoeNIF: 0 tried to register a new ticket for customer with NIF: 200000000 and Date: 2023-10-10
2023-08-29 17:19:16 INFO  BackOfficeAdminMenu:4156 - Employee with name: John DoeNIF: 0 registered a new ticket for customer with NIF: 200000000 and Date: 2023-10-10
2023-08-29 17:20:17 INFO  BackOfficeAdminMenu:4178 - Employee with name: John DoeNIF: 0 logged out
2023-08-29 18:33:21 INFO  BackOfficeAdminMenu:48 - Employee with name: John Doe and NIF: 0 initialized the BackOffice Menu
2023-08-29 18:33:24 INFO  BackOfficeAdminMenu:142 - Employee with name: John Doe NIF: 0 entered the Registration Menu Page
2023-08-29 18:33:38 INFO  BackOfficeAdminMenu:3874 - Employee with name: John DoeNIF: 0 went back to main menu
2023-08-29 18:33:39 INFO  BackOfficeAdminMenu:142 - Employee with name: John Doe NIF: 0 entered the Registration Menu Page
2023-08-29 18:33:40 INFO  BackOfficeAdminMenu:3894 - Employee with name: John DoeNIF: 0 entered the vehicle registration page
2023-08-29 18:37:47 INFO  BackOfficeAdminMenu:4688 - Employee with name: John DoeNIF: 0 failed to registered a new vehicle with plate: VX-6G-44
2023-08-29 18:39:30 INFO  BackOfficeAdminMenu:4688 - Employee with name: John DoeNIF: 0 failed to registered a new vehicle with plate: VX-6G-44
2023-08-29 18:40:15 INFO  BackOfficeAdminMenu:4688 - Employee with name: John DoeNIF: 0 failed to registered a new vehicle with plate: VX-6G-44
2023-08-29 18:40:26 INFO  BackOfficeAdminMenu:4688 - Employee with name: John DoeNIF: 0 failed to registered a new vehicle with plate: VX-6G-44
2023-08-29 18:41:51 INFO  BackOfficeAdminMenu:4606 - Employee with name: John DoeNIF: 0 logged out
2023-08-29 18:42:21 INFO  BackOfficeAdminMenu:49 - Employee with name: John Doe and NIF: 0 initialized the BackOffice Menu
2023-08-29 18:42:37 INFO  BackOfficeAdminMenu:143 - Employee with name: John Doe NIF: 0 entered the Registration Menu Page
2023-08-29 18:42:38 INFO  BackOfficeAdminMenu:3895 - Employee with name: John DoeNIF: 0 entered the vehicle registration page
2023-08-29 18:43:35 INFO  BackOfficeAdminMenu:4674 - Employee with name: John DoeNIF: 0 registered a new vehicle with plate: M9-03-XX
2023-08-29 18:59:50 INFO  BackOfficeAdminMenu:4689 - Employee with name: John DoeNIF: 0 failed to registered a new vehicle with plate: 
2023-08-29 18:59:54 INFO  BackOfficeAdminMenu:4601 - Employee with name: John DoeNIF: 0 logged out
2023-08-29 18:59:55 INFO  BackOfficeAdminMenu:3899 - Employee with name: John DoeNIF: 0 entered the employee registration page
2023-08-29 19:06:08 INFO  BackOfficeAdminMenu:4336 - Employee with name: John DoeNIF: 0 logged out
2023-08-29 19:27:13 INFO  BackOfficeAdminMenu:51 - Employee with name: John Doe and NIF: 0 initialized the BackOffice Menu
2023-08-29 19:27:19 INFO  BackOfficeAdminMenu:145 - Employee with name: John Doe NIF: 0 entered the Registration Menu Page
2023-08-29 19:27:21 INFO  BackOfficeAdminMenu:3897 - Employee with name: John DoeNIF: 0 entered the vehicle registration page
2023-08-29 19:28:09 INFO  BackOfficeAdminMenu:4609 - Employee with name: John DoeNIF: 0 logged out
2023-08-29 19:29:13 INFO  BackOfficeAdminMenu:51 - Employee with name: John Doe and NIF: 0 initialized the BackOffice Menu
2023-08-29 19:29:15 INFO  BackOfficeAdminMenu:145 - Employee with name: John Doe NIF: 0 entered the Registration Menu Page
2023-08-29 19:29:16 INFO  BackOfficeAdminMenu:3897 - Employee with name: John DoeNIF: 0 entered the vehicle registration page
2023-08-29 19:30:20 INFO  BackOfficeAdminMenu:4609 - Employee with name: John DoeNIF: 0 logged out
2023-08-29 19:44:06 INFO  BackOfficeAdminMenu:51 - Employee with name: John Doe and NIF: 0 initialized the BackOffice Menu
2023-08-29 19:44:09 INFO  BackOfficeAdminMenu:145 - Employee with name: John Doe NIF: 0 entered the Registration Menu Page
2023-08-29 19:44:11 INFO  BackOfficeAdminMenu:3905 - Employee with name: John DoeNIF: 0 entered the customer registration page
2023-08-29 19:48:38 INFO  BackOfficeAdminMenu:51 - Employee with name: John Doe and NIF: 0 initialized the BackOffice Menu
2023-08-29 19:48:53 INFO  BackOfficeAdminMenu:145 - Employee with name: John Doe NIF: 0 entered the Registration Menu Page
2023-08-29 19:48:57 INFO  BackOfficeAdminMenu:3905 - Employee with name: John DoeNIF: 0 entered the customer registration page
2023-08-29 19:49:05 INFO  BackOfficeAdminMenu:4524 - Employee with name: John DoeNIF: 0 logged out
2023-08-29 19:52:34 INFO  BackOfficeAdminMenu:51 - Employee with name: John Doe and NIF: 0 initialized the BackOffice Menu
2023-08-29 19:52:35 INFO  BackOfficeAdminMenu:145 - Employee with name: John Doe NIF: 0 entered the Registration Menu Page
2023-08-29 19:52:38 INFO  BackOfficeAdminMenu:3897 - Employee with name: John DoeNIF: 0 entered the vehicle registration page
2023-08-29 19:52:40 INFO  BackOfficeAdminMenu:4662 - Employee with name: John DoeNIF: 0 logged out
2023-08-29 19:52:41 INFO  BackOfficeAdminMenu:3905 - Employee with name: John DoeNIF: 0 entered the customer registration page
2023-08-29 19:52:43 INFO  BackOfficeAdminMenu:4549 - Employee with name: John DoeNIF: 0 returned to registration menu page
2023-08-29 19:52:44 INFO  BackOfficeAdminMenu:3901 - Employee with name: John DoeNIF: 0 entered the employee registration page
2023-08-29 19:52:52 INFO  BackOfficeAdminMenu:4356 - Employee with name: John DoeNIF: 0 returned to registration menu page
2023-08-29 19:52:53 INFO  BackOfficeAdminMenu:3883 - Employee with name: John DoeNIF: 0 logged out
2023-08-29 19:57:46 INFO  BackOfficeAdminMenu:51 - Employee with name: John Doe and NIF: 0 initialized the BackOffice Menu
2023-08-29 19:57:49 INFO  BackOfficeAdminMenu:145 - Employee with name: John Doe NIF: 0 entered the Registration Menu Page
2023-08-29 19:57:51 INFO  BackOfficeAdminMenu:3909 - Employee with name: John DoeNIF: 0 entered the ticket registration page
2023-08-29 19:57:57 INFO  BackOfficeAdminMenu:4193 - Employee with name: John DoeNIF: 0 logged out
2023-08-29 20:02:46 INFO  BackOfficeAdminMenu:51 - Employee with name: John Doe and NIF: 0 initialized the BackOffice Menu
2023-08-29 20:02:49 INFO  BackOfficeAdminMenu:145 - Employee with name: John Doe NIF: 0 entered the Registration Menu Page
2023-08-29 20:02:50 INFO  BackOfficeAdminMenu:3913 - Employee with name: John DoeNIF: 0 entered the insurance registration page
2023-08-29 20:02:55 INFO  BackOfficeAdminMenu:4028 - Employee with name: John DoeNIF: 0 logged out
2023-08-29 20:03:51 INFO  BackOfficeAdminMenu:51 - Employee with name: John Doe and NIF: 0 initialized the BackOffice Menu
2023-08-29 20:03:52 INFO  BackOfficeAdminMenu:145 - Employee with name: John Doe NIF: 0 entered the Registration Menu Page
2023-08-29 20:03:53 INFO  BackOfficeAdminMenu:3913 - Employee with name: John DoeNIF: 0 entered the insurance registration page
2023-08-29 20:03:56 INFO  BackOfficeAdminMenu:4028 - Employee with name: John DoeNIF: 0 logged out
2023-08-29 20:36:49 INFO  BackOfficeAdminMenu:50 - Employee with name: John Doe and NIF: 0 initialized the BackOffice Menu
2023-08-29 20:36:53 INFO  BackOfficeAdminMenu:160 - Employee with name: John Doe NIF: 0 entered the Search Menu Page
2023-08-29 20:36:56 INFO  BackOfficeAdminMenu:408 - Employee with name: John Doe NIF: 0 entered the Vehicle Display Page
2023-08-29 20:37:08 INFO  BackOfficeAdminMenu:1873 - Employee with name: John Doe NIF: 0 logged out
2023-08-29 20:37:39 INFO  MenuEmployee:3553 - Employee with name: John DoeNIF: 0 logged out
2023-08-29 20:37:43 INFO  MenuEmployee:3441 - Employee with name: John DoeNIF: 0 returned to registration menu page
2023-08-29 20:37:45 INFO  MenuEmployee:3252 - Employee with name: John DoeNIF: 0 returned to the registration menu page
2023-08-29 20:37:47 INFO  MenuEmployee:3071 - Employee with name: John DoeNIF: 0 went back to the registration menu page
2023-08-29 20:38:27 INFO  MenuEmployee:1473 - Employee with name: John DoeNIF: 0 logged out
2023-08-29 20:38:42 INFO  BackOfficeAdminMenu:48 - Employee with name: John Doe and NIF: 0 initialized the BackOffice Menu
2023-08-29 20:38:47 INFO  BackOfficeAdminMenu:139 - Employee with name: John Doe NIF: 0 entered the Search Menu Page
2023-08-29 20:38:49 INFO  BackOfficeAdminMenu:378 - Employee with name: John Doe NIF: 0 entered the Vehicle Display Page
2023-08-29 20:38:53 INFO  BackOfficeAdminMenu:1857 - Employee with name: John Doe NIF: 0 went back to the search menu
2023-08-29 20:38:54 INFO  BackOfficeAdminMenu:357 - Employee with name: John Doe NIF: 0 went back to the main menu
2023-08-29 20:38:55 INFO  BackOfficeAdminMenu:127 - Employee with name: John Doe NIF: 0 entered the Registration Menu Page
2023-08-29 20:38:56 INFO  BackOfficeAdminMenu:3260 - Employee with name: John DoeNIF: 0 entered the vehicle registration page
2023-08-29 20:38:58 INFO  BackOfficeAdminMenu:4058 - Employee with name: John DoeNIF: 0 logged out
2023-08-29 20:38:59 INFO  BackOfficeAdminMenu:3264 - Employee with name: John DoeNIF: 0 entered the employee registration page
2023-08-29 20:39:00 INFO  BackOfficeAdminMenu:3753 - Employee with name: John DoeNIF: 0 returned to registration menu page
2023-08-29 20:39:01 INFO  BackOfficeAdminMenu:3268 - Employee with name: John DoeNIF: 0 entered the customer registration page
2023-08-29 20:39:04 INFO  BackOfficeAdminMenu:3946 - Employee with name: John DoeNIF: 0 returned to registration menu page
2023-08-29 20:39:05 INFO  BackOfficeAdminMenu:3240 - Employee with name: John DoeNIF: 0 went back to main menu
2023-08-29 20:39:06 INFO  BackOfficeAdminMenu:67 - Employee with name: John Doe NIF: 0 logged out
2023-08-29 20:40:52 INFO  BackOfficeAdminMenu:50 - Employee with name: John Doe and NIF: 0 initialized the BackOffice Menu
2023-08-29 20:40:54 INFO  BackOfficeAdminMenu:152 - Employee with name: John Doe NIF: 0 entered the Deactivation Menu Page
2023-08-29 20:40:56 INFO  BackOfficeAdminMenu:2735 - Employee with name: John DoeNIF: 0 went to vehicle deactivation page
2023-08-29 20:40:57 INFO  BackOfficeAdminMenu:3124 - Employee with name: John DoeNIF: 0 went back to deactivation page
2023-08-29 20:40:58 INFO  BackOfficeAdminMenu:2721 - Employee with name: John DoeNIF: 0 logged out
2023-08-29 20:51:37 INFO  BackOfficeAdminMenu:50 - Employee with name: John Doe and NIF: 0 initialized the BackOffice Menu
2023-08-29 20:52:18 INFO  BackOfficeAdminMenu:156 - Employee with name: John Doe NIF: 0 entered the Update Menu Page
2023-08-29 20:52:19 INFO  BackOfficeAdminMenu:2057 - Employee with name: John Doe NIF: 0 entered the vehicle update menu
2023-08-29 20:52:39 INFO  BackOfficeAdminMenu:2592 - Employee with name: John DoeNIF: 0 updated vehicle with plate DD-SS-10 and new color: White
2023-08-29 20:52:41 INFO  BackOfficeAdminMenu:2555 - Employee with name: John DoeNIF: 0 logged out
2023-08-29 21:10:26 INFO  BackOfficeAdminMenu:50 - Employee with name: John Doe and NIF: 0 initialized the BackOffice Menu
2023-08-29 21:10:30 INFO  BackOfficeAdminMenu:164 - Employee with name: John Doe NIF: 0 entered the Task Menu Page
2023-08-29 21:10:34 INFO  BackOfficeAdminMenu:262 - Employee with name: John Doe NIF: 0 tried to perform taks with ID: 1
2023-08-29 21:10:34 INFO  BackOfficeAdminMenu:268 - Employee with name: John Doe NIF: 0 completed the task with ID: 1
2023-08-29 21:10:38 INFO  BackOfficeAdminMenu:288 - Employee with name: John Doe NIF: 0 entered the View All Tasks Page
2023-08-29 21:10:55 INFO  BackOfficeAdminMenu:262 - Employee with name: John Doe NIF: 0 tried to perform taks with ID: 1
2023-08-29 21:10:55 INFO  BackOfficeAdminMenu:277 - Employee with name: John Doe NIF: 0 failed to perform the task with ID: 1
2023-08-29 21:10:59 INFO  BackOfficeAdminMenu:288 - Employee with name: John Doe NIF: 0 entered the View All Tasks Page
2023-08-29 21:11:04 INFO  BackOfficeAdminMenu:243 - Employee with name: John Doe NIF: 0logged out
2023-08-29 22:54:02 INFO  BackOfficeAdminMenu:49 - Employee with name: John Doe and NIF: 0 initialized the BackOffice Menu
2023-08-29 22:54:59 INFO  BackOfficeAdminMenu:163 - Employee with name: John Doe NIF: 0 entered the Task Menu Page
2023-08-29 22:55:28 INFO  BackOfficeAdminMenu:251 - Employee with name: John Doe NIF: 0 entered the Main Menu
2023-08-29 22:55:29 INFO  BackOfficeAdminMenu:163 - Employee with name: John Doe NIF: 0 entered the Task Menu Page
2023-08-29 22:57:16 INFO  BackOfficeAdminMenu:242 - Employee with name: John Doe NIF: 0logged out
2023-08-29 23:05:52 INFO  BackOfficeAdminMenu:49 - Employee with name: John Doe and NIF: 0 initialized the BackOffice Menu
2023-08-29 23:05:57 INFO  BackOfficeAdminMenu:163 - Employee with name: John Doe NIF: 0 entered the Task Menu Page
2023-08-29 23:06:11 INFO  BackOfficeAdminMenu:287 - Employee with name: John Doe NIF: 0 entered the View All Tasks Page
2023-08-29 23:06:15 INFO  BackOfficeAdminMenu:261 - Employee with name: John Doe NIF: 0 tried to perform taks with ID: 2
2023-08-29 23:06:15 INFO  BackOfficeAdminMenu:267 - Employee with name: John Doe NIF: 0 completed the task with ID: 2
2023-08-29 23:06:18 INFO  BackOfficeAdminMenu:287 - Employee with name: John Doe NIF: 0 entered the View All Tasks Page
2023-08-29 23:12:40 INFO  BackOfficeAdminMenu:49 - Employee with name: John Doe and NIF: 0 initialized the BackOffice Menu
2023-08-29 23:12:43 INFO  BackOfficeAdminMenu:163 - Employee with name: John Doe NIF: 0 entered the Task Menu Page
2023-08-29 23:12:58 INFO  BackOfficeAdminMenu:242 - Employee with name: John Doe NIF: 0logged out
2023-08-29 23:29:17 INFO  BackOfficeAdminMenu:49 - Employee with name: John Doe and NIF: 0 initialized the BackOffice Menu
2023-08-29 23:29:54 INFO  BackOfficeAdminMenu:163 - Employee with name: John Doe NIF: 0 entered the Task Menu Page
2023-08-29 23:30:02 INFO  BackOfficeAdminMenu:287 - Employee with name: John Doe NIF: 0 entered the View All Tasks Page
2023-08-29 23:30:05 INFO  BackOfficeAdminMenu:261 - Employee with name: John Doe NIF: 0 tried to perform taks with ID: 3
2023-08-29 23:30:06 INFO  BackOfficeAdminMenu:267 - Employee with name: John Doe NIF: 0 completed the task with ID: 3
2023-08-29 23:30:08 INFO  BackOfficeAdminMenu:287 - Employee with name: John Doe NIF: 0 entered the View All Tasks Page
2023-08-29 23:30:58 INFO  BackOfficeAdminMenu:261 - Employee with name: John Doe NIF: 0 tried to perform taks with ID: 3
2023-08-29 23:30:58 INFO  BackOfficeAdminMenu:267 - Employee with name: John Doe NIF: 0 completed the task with ID: 3
2023-08-29 23:31:12 INFO  BackOfficeAdminMenu:261 - Employee with name: John Doe NIF: 0 tried to perform taks with ID: 3
2023-08-29 23:31:12 INFO  BackOfficeAdminMenu:267 - Employee with name: John Doe NIF: 0 completed the task with ID: 3
2023-08-29 23:33:43 INFO  BackOfficeAdminMenu:242 - Employee with name: John Doe NIF: 0logged out
2023-08-29 23:34:56 INFO  BackOfficeAdminMenu:49 - Employee with name: John Doe and NIF: 0 initialized the BackOffice Menu
2023-08-29 23:35:01 INFO  BackOfficeAdminMenu:163 - Employee with name: John Doe NIF: 0 entered the Task Menu Page
2023-08-29 23:35:04 INFO  BackOfficeAdminMenu:261 - Employee with name: John Doe NIF: 0 tried to perform taks with ID: 3
2023-08-29 23:35:04 INFO  BackOfficeAdminMenu:267 - Employee with name: John Doe NIF: 0 completed the task with ID: 3
2023-08-29 23:37:37 INFO  BackOfficeAdminMenu:242 - Employee with name: John Doe NIF: 0logged out
2023-08-29 23:37:53 INFO  BackOfficeAdminMenu:49 - Employee with name: John Doe and NIF: 0 initialized the BackOffice Menu
2023-08-29 23:38:03 INFO  BackOfficeAdminMenu:163 - Employee with name: John Doe NIF: 0 entered the Task Menu Page
2023-08-29 23:38:14 INFO  BackOfficeAdminMenu:287 - Employee with name: John Doe NIF: 0 entered the View All Tasks Page
2023-08-29 23:38:21 INFO  BackOfficeAdminMenu:287 - Employee with name: John Doe NIF: 0 entered the View All Tasks Page
2023-08-29 23:38:25 INFO  BackOfficeAdminMenu:287 - Employee with name: John Doe NIF: 0 entered the View All Tasks Page
2023-08-29 23:38:32 INFO  BackOfficeAdminMenu:242 - Employee with name: John Doe NIF: 0logged out
2023-08-29 23:54:07 INFO  BackOfficeAdminMenu:49 - Employee with name: John Doe and NIF: 0 initialized the BackOffice Menu
2023-08-29 23:54:10 INFO  BackOfficeAdminMenu:163 - Employee with name: John Doe NIF: 0 entered the Task Menu Page
2023-08-29 23:54:13 INFO  BackOfficeAdminMenu:287 - Employee with name: John Doe NIF: 0 entered the View All Tasks Page
2023-08-29 23:54:17 INFO  BackOfficeAdminMenu:276 - Employee with name: John Doe NIF: 0 failed to perform the task with ID: 4
2023-08-29 23:54:20 INFO  BackOfficeAdminMenu:287 - Employee with name: John Doe NIF: 0 entered the View All Tasks Page
2023-08-30 00:06:52 INFO  BackOfficeAdminMenu:49 - Employee with name: John Doe and NIF: 0 initialized the BackOffice Menu
2023-08-30 00:06:56 INFO  BackOfficeAdminMenu:143 - Employee with name: John Doe NIF: 0 entered the Registration Menu Page
2023-08-30 00:06:58 INFO  BackOfficeAdminMenu:3956 - Employee with name: John DoeNIF: 0 entered the employee registration page
2023-08-30 00:08:13 INFO  BackOfficeAdminMenu:4445 - Employee with name: John DoeNIF: 0 returned to registration menu page
2023-08-30 00:08:15 INFO  BackOfficeAdminMenu:3956 - Employee with name: John DoeNIF: 0 entered the employee registration page
2023-08-30 00:08:17 INFO  BackOfficeAdminMenu:4445 - Employee with name: John DoeNIF: 0 returned to registration menu page
2023-08-30 00:08:18 INFO  BackOfficeAdminMenu:3952 - Employee with name: John DoeNIF: 0 entered the vehicle registration page
2023-08-30 00:08:27 INFO  BackOfficeAdminMenu:4750 - Employee with name: John DoeNIF: 0 logged out
2023-08-30 00:08:28 INFO  BackOfficeAdminMenu:3968 - Employee with name: John DoeNIF: 0 entered the insurance registration page
2023-08-30 00:08:30 INFO  BackOfficeAdminMenu:4097 - Employee with name: John DoeNIF: 0 went back to the registration menu page
2023-08-30 00:08:31 INFO  BackOfficeAdminMenu:3932 - Employee with name: John DoeNIF: 0 went back to main menu
2023-08-30 00:08:35 INFO  BackOfficeAdminMenu:84 - Employee with name: John Doe NIF: 0 logged out
2023-08-30 00:13:09 INFO  BackOfficeAdminMenu:50 - Employee with name: John Doe and NIF: 0 initialized the BackOffice Menu
2023-08-30 00:13:13 INFO  BackOfficeAdminMenu:85 - Employee with name: John Doe NIF: 0 logged out
2023-08-30 00:13:43 INFO  BackOfficeAdminMenu:50 - Employee with name: John Doe and NIF: 0 initialized the BackOffice Menu
2023-08-30 00:13:45 INFO  BackOfficeAdminMenu:85 - Employee with name: John Doe NIF: 0 logged out
2023-08-30 00:15:01 INFO  BackOfficeAdminMenu:50 - Employee with name: John Doe and NIF: 0 initialized the BackOffice Menu
2023-08-30 00:15:03 INFO  BackOfficeAdminMenu:85 - Employee with name: John Doe NIF: 0 logged out
2023-08-30 00:16:22 INFO  BackOfficeAdminMenu:50 - Employee with name: John Doe and NIF: 0 initialized the BackOffice Menu
2023-08-30 00:16:25 INFO  BackOfficeAdminMenu:85 - Employee with name: John Doe NIF: 0 logged out
2023-08-30 00:23:25 INFO  BackOfficeAdminMenu:50 - Employee with name: John Doe and NIF: 0 initialized the BackOffice Menu
2023-08-30 00:23:29 INFO  BackOfficeAdminMenu:85 - Employee with name: John Doe NIF: 0 logged out
2023-08-30 10:46:02 INFO  BackOfficeAdminMenu:50 - Employee with name: John Doe and NIF: 0 initialized the BackOffice Menu
2023-08-30 10:46:05 INFO  BackOfficeAdminMenu:165 - Employee with name: John Doe NIF: 0 entered the Task Menu Page
2023-08-30 10:46:07 INFO  BackOfficeAdminMenu:290 - Employee with name: John Doe NIF: 0 entered the View All Tasks Page
2023-08-30 10:48:18 INFO  BackOfficeAdminMenu:50 - Employee with name: John Doe and NIF: 0 initialized the BackOffice Menu
2023-08-30 10:48:20 INFO  BackOfficeAdminMenu:165 - Employee with name: John Doe NIF: 0 entered the Task Menu Page
2023-08-30 10:48:22 INFO  BackOfficeAdminMenu:290 - Employee with name: John Doe NIF: 0 entered the View All Tasks Page
2023-08-30 10:51:58 INFO  BackOfficeAdminMenu:290 - Employee with name: John Doe NIF: 0 entered the View All Tasks Page
2023-08-30 10:53:59 INFO  BackOfficeAdminMenu:245 - Employee with name: John Doe NIF: 0logged out
2023-08-30 11:02:56 INFO  BackOfficeAdminMenu:50 - Employee with name: John Doe and NIF: 0 initialized the BackOffice Menu
2023-08-30 11:02:58 INFO  BackOfficeAdminMenu:165 - Employee with name: John Doe NIF: 0 entered the Task Menu Page
2023-08-30 11:03:02 INFO  BackOfficeAdminMenu:290 - Employee with name: John Doe NIF: 0 entered the View All Tasks Page
2023-08-30 11:03:18 INFO  BackOfficeAdminMenu:245 - Employee with name: John Doe NIF: 0logged out
2023-08-30 11:05:41 INFO  BackOfficeAdminMenu:50 - Employee with name: John Doe and NIF: 0 initialized the BackOffice Menu
2023-08-30 11:05:56 INFO  BackOfficeAdminMenu:165 - Employee with name: John Doe NIF: 0 entered the Task Menu Page
2023-08-30 11:05:58 INFO  BackOfficeAdminMenu:290 - Employee with name: John Doe NIF: 0 entered the View All Tasks Page
2023-08-30 11:06:10 INFO  BackOfficeAdminMenu:245 - Employee with name: John Doe NIF: 0logged out
2023-08-30 11:07:03 INFO  BackOfficeAdminMenu:50 - Employee with name: John Doe and NIF: 0 initialized the BackOffice Menu
2023-08-30 11:07:06 INFO  BackOfficeAdminMenu:165 - Employee with name: John Doe NIF: 0 entered the Task Menu Page
2023-08-30 11:07:08 INFO  BackOfficeAdminMenu:290 - Employee with name: John Doe NIF: 0 entered the View All Tasks Page
2023-08-30 11:07:18 INFO  BackOfficeAdminMenu:245 - Employee with name: John Doe NIF: 0logged out
2023-08-30 11:57:32 INFO  BackOfficeAdminMenu:50 - Employee with name: John Doe and NIF: 0 initialized the BackOffice Menu
2023-08-30 11:57:35 INFO  BackOfficeAdminMenu:165 - Employee with name: John Doe NIF: 0 entered the Task Menu Page
2023-08-30 11:57:40 INFO  BackOfficeAdminMenu:268 - Employee with name: John Doe NIF: 0 completed the task with ID: 5
2023-08-30 11:57:43 INFO  BackOfficeAdminMenu:290 - Employee with name: John Doe NIF: 0 entered the View All Tasks Page
2023-08-30 11:57:49 INFO  BackOfficeAdminMenu:245 - Employee with name: John Doe NIF: 0logged out
2023-08-30 12:19:49 INFO  BackOfficeAdminMenu:50 - Employee with name: John Doe and NIF: 0 initialized the BackOffice Menu
2023-08-30 12:19:51 INFO  BackOfficeAdminMenu:157 - Employee with name: John Doe NIF: 0 entered the Update Menu Page
2023-08-30 12:19:54 INFO  BackOfficeAdminMenu:2063 - Employee with name: John Doe NIF: 0 entered the employee update menu
2023-08-30 12:20:04 INFO  BackOfficeAdminMenu:2429 - Employee with name: John DoeNIF: 0 went back to the update menu
2023-08-30 12:20:05 INFO  BackOfficeAdminMenu:2044 - Employee with name: John Doe NIF: 0 logged out
2023-08-30 12:21:12 INFO  BackOfficeAdminMenu:50 - Employee with name: John Doe and NIF: 0 initialized the BackOffice Menu
2023-08-30 12:21:15 INFO  BackOfficeAdminMenu:157 - Employee with name: John Doe NIF: 0 entered the Update Menu Page
2023-08-30 12:21:17 INFO  BackOfficeAdminMenu:2063 - Employee with name: John Doe NIF: 0 entered the employee update menu
2023-08-30 12:21:19 INFO  BackOfficeAdminMenu:2429 - Employee with name: John DoeNIF: 0 went back to the update menu
2023-08-30 12:21:20 INFO  BackOfficeAdminMenu:2044 - Employee with name: John Doe NIF: 0 logged out
2023-08-30 12:23:17 INFO  BackOfficeAdminMenu:49 - Employee with name: John Doe and NIF: 0 initialized the BackOffice Menu
2023-08-30 12:23:21 INFO  BackOfficeAdminMenu:136 - Employee with name: John Doe NIF: 0 entered the Update Menu Page
2023-08-30 12:23:23 INFO  BackOfficeAdminMenu:2035 - Employee with name: John Doe NIF: 0 entered the employee update menu
2023-08-30 12:23:25 INFO  BackOfficeAdminMenu:2406 - Employee with name: John DoeNIF: 0 logged out
2023-08-30 12:35:20 INFO  BackOfficeAdminMenu:50 - Employee with name: John Doe and NIF: 0 initialized the BackOffice Menu
2023-08-30 12:37:50 INFO  BackOfficeAdminMenu:145 - Employee with name: John Doe NIF: 0 entered the Registration Menu Page
2023-08-30 12:37:52 INFO  BackOfficeAdminMenu:4153 - Employee with name: John DoeNIF: 0 entered the employee registration page
2023-08-30 12:39:33 INFO  BackOfficeAdminMenu:4618 - Employee with name: John DoeNIF: 0 failed to registered a new employee with NIF: 200000004
2023-08-30 12:39:52 INFO  BackOfficeAdminMenu:4618 - Employee with name: John DoeNIF: 0 failed to registered a new employee with NIF: 200000004
2023-08-30 12:40:54 INFO  BackOfficeAdminMenu:4618 - Employee with name: John DoeNIF: 0 failed to registered a new employee with NIF: 200000004
2023-08-30 12:42:29 INFO  BackOfficeAdminMenu:4608 - Employee with name: John DoeNIF: 0 registered a new employee with NIF: 200000004
2023-08-30 12:44:46 INFO  BackOfficeAdminMenu:4642 - Employee with name: John DoeNIF: 0 returned to registration menu page
2023-08-30 12:44:47 INFO  BackOfficeAdminMenu:4129 - Employee with name: John DoeNIF: 0 went back to main menu
2023-08-30 12:44:49 INFO  BackOfficeAdminMenu:161 - Employee with name: John Doe NIF: 0 entered the Search Menu Page
2023-08-30 12:44:50 INFO  BackOfficeAdminMenu:414 - Employee with name: John Doe NIF: 0 entered the Employee Display Page
2023-08-30 12:44:56 INFO  BackOfficeAdminMenu:1446 - Employee with name: John Doe NIF: 0 displayed all the employees order by: Order by NIF
2023-08-30 12:45:29 INFO  BackOfficeAdminMenu:1586 - Employee with name: John DoeNIF: 0 went back to search menu page
2023-08-30 12:45:30 INFO  BackOfficeAdminMenu:386 - Employee with name: John Doe NIF: 0 went back to the main menu
2023-08-30 12:45:42 INFO  BackOfficeAdminMenu:85 - Employee with name: John Doe NIF: 0 logged out
2023-08-30 12:46:00 INFO  BackOfficeAdminMenu:50 - Employee with name: Antonio Costa and NIF: 200000004 initialized the BackOffice Menu
2023-08-30 12:46:06 INFO  BackOfficeAdminMenu:145 - Employee with name: Antonio Costa NIF: 200000004 entered the Registration Menu Page
2023-08-30 12:46:08 INFO  BackOfficeAdminMenu:4129 - Employee with name: Antonio CostaNIF: 200000004 went back to main menu
2023-08-30 12:46:09 INFO  BackOfficeAdminMenu:149 - Employee with name: Antonio Costa NIF: 200000004 entered the Delete Menu Page
2023-08-30 12:46:10 INFO  BackOfficeAdminMenu:3478 - Employee with name: Antonio CostaNIF: 200000004 went back to delete menu page
2023-08-30 12:46:12 INFO  BackOfficeAdminMenu:145 - Employee with name: Antonio Costa NIF: 200000004 entered the Registration Menu Page
2023-08-30 12:46:16 INFO  BackOfficeAdminMenu:4161 - Employee with name: Antonio CostaNIF: 200000004 entered the ticket registration page
2023-08-30 12:47:06 INFO  BackOfficeAdminMenu:4451 - Employee with name: Antonio CostaNIF: 200000004 tried to register a new ticket for customer with NIF: 200000000 and Date: 2023-08-16
2023-08-30 12:47:32 INFO  BackOfficeAdminMenu:4451 - Employee with name: Antonio CostaNIF: 200000004 tried to register a new ticket for customer with NIF: 200000000 and Date: 2023-08-16
2023-08-30 12:51:39 INFO  BackOfficeAdminMenu:4451 - Employee with name: Antonio CostaNIF: 200000004 tried to register a new ticket for customer with NIF: 200000000 and Date: 2023-08-16
2023-08-30 12:51:55 INFO  BackOfficeAdminMenu:4441 - Employee with name: Antonio CostaNIF: 200000004 registered a new ticket for customer with NIF: 200000000 and Date: 2023-08-16
2023-08-30 12:52:12 INFO  BackOfficeAdminMenu:4475 - Employee with name: Antonio CostaNIF: 200000004 returned to the registration menu page
2023-08-30 12:52:13 INFO  BackOfficeAdminMenu:4165 - Employee with name: Antonio CostaNIF: 200000004 entered the insurance registration page
2023-08-30 13:01:42 INFO  BackOfficeAdminMenu:50 - Employee with name: John Doe and NIF: 0 initialized the BackOffice Menu
2023-08-30 13:01:49 INFO  BackOfficeAdminMenu:145 - Employee with name: John Doe NIF: 0 entered the Registration Menu Page
2023-08-30 13:01:53 INFO  BackOfficeAdminMenu:4160 - Employee with name: John DoeNIF: 0 entered the ticket registration page
2023-08-30 13:01:55 INFO  BackOfficeAdminMenu:4474 - Employee with name: John DoeNIF: 0 returned to the registration menu page
2023-08-30 13:01:56 INFO  BackOfficeAdminMenu:4128 - Employee with name: John DoeNIF: 0 went back to main menu
2023-08-30 13:02:03 INFO  BackOfficeAdminMenu:157 - Employee with name: John Doe NIF: 0 entered the Update Menu Page
2023-08-30 13:02:05 INFO  BackOfficeAdminMenu:2071 - Employee with name: John Doe NIF: 0 entered the ticket update menu
2023-08-30 13:02:14 ERROR BackOfficeAdminMenu:2156 - Employee with name: John DoeNIF: 0 failed to pay ticket with id: 1 and value: 120.00
2023-08-30 13:03:54 INFO  BackOfficeAdminMenu:2120 - Employee with name: John DoeNIF: 0 logged out
2023-08-30 13:04:19 INFO  BackOfficeAdminMenu:50 - Employee with name: John Doe and NIF: 0 initialized the BackOffice Menu
2023-08-30 13:04:23 INFO  BackOfficeAdminMenu:157 - Employee with name: John Doe NIF: 0 entered the Update Menu Page
2023-08-30 13:04:24 INFO  BackOfficeAdminMenu:2071 - Employee with name: John Doe NIF: 0 entered the ticket update menu
2023-08-30 13:04:33 INFO  BackOfficeAdminMenu:2152 - Employee with name: John DoeNIF: 0 paid ticket with id: 1 and value: 123.98
2023-08-30 13:04:55 ERROR BackOfficeAdminMenu:2156 - Employee with name: John DoeNIF: 0 failed to pay ticket with id: 2 and value: 100.00
2023-08-30 13:05:18 INFO  BackOfficeAdminMenu:2114 - Employee with name: John DoeNIF: 0 went back to the update menu
2023-08-30 13:05:21 INFO  BackOfficeAdminMenu:2063 - Employee with name: John Doe NIF: 0 entered the employee update menu
2023-08-30 13:05:27 INFO  BackOfficeAdminMenu:2428 - Employee with name: John DoeNIF: 0 went back to the update menu
2023-08-30 13:05:29 INFO  BackOfficeAdminMenu:2038 - Employee with name: John Doe NIF: 0 went back to the update menu
2023-08-30 13:05:32 INFO  BackOfficeAdminMenu:157 - Employee with name: John Doe NIF: 0 entered the Update Menu Page
2023-08-30 13:05:33 INFO  BackOfficeAdminMenu:2063 - Employee with name: John Doe NIF: 0 entered the employee update menu
2023-08-30 13:06:27 INFO  BackOfficeAdminMenu:2478 - Employee with name: John DoeNIF: 0 failed to update email for person with NIF: 200000004
2023-08-30 13:06:27 INFO  BackOfficeAdminMenu:2482 - Employee with name: John DoeNIF: 0 was not able to update email for person with NIF: 200000004
2023-08-30 13:06:29 INFO  BackOfficeAdminMenu:2511 - Employee with name: John DoeNIF: 0updated email for person with NIF: 200000004
2023-08-30 13:06:29 INFO  BackOfficeAdminMenu:2515 - Employee with name: John DoeNIF: 0 was not able to update email for person with NIF: 200000004
2023-08-30 13:06:32 INFO  BackOfficeAdminMenu:2542 - Employee with name: John DoeNIF: 0 updated address for person with NIF: 200000004
2023-08-30 13:06:32 INFO  BackOfficeAdminMenu:2546 - Employee with name: John DoeNIF: 0 was not able to update address for person with NIF: 200000004
2023-08-30 13:06:52 INFO  BackOfficeAdminMenu:2434 - Employee with name: John DoeNIF: 0 logged out
2023-08-30 13:07:15 INFO  BackOfficeAdminMenu:50 - Employee with name: Antonio Costa and NIF: 200000004 initialized the BackOffice Menu
2023-08-30 13:07:16 INFO  BackOfficeAdminMenu:85 - Employee with name: Antonio Costa NIF: 200000004 logged out
2023-08-30 13:15:21 INFO  BackOfficeAdminMenu:52 - Employee with name: John Doe and NIF: 0 initialized the BackOffice Menu
2023-08-30 13:15:24 INFO  BackOfficeAdminMenu:147 - Employee with name: John Doe NIF: 0 entered the Registration Menu Page
2023-08-30 13:15:25 INFO  BackOfficeAdminMenu:4166 - Employee with name: John DoeNIF: 0 entered the insurance registration page
2023-08-30 13:16:28 INFO  BackOfficeAdminMenu:4267 - Employee with name: John DoeNIF: 0 tried to register a new insurance but failed
2023-08-30 13:16:37 INFO  BackOfficeAdminMenu:4267 - Employee with name: John DoeNIF: 0 tried to register a new insurance but failed
2023-08-30 13:17:20 INFO  BackOfficeAdminMenu:4267 - Employee with name: John DoeNIF: 0 tried to register a new insurance but failed
2023-08-30 13:17:34 INFO  BackOfficeAdminMenu:4267 - Employee with name: John DoeNIF: 0 tried to register a new insurance but failed
2023-08-30 13:19:14 INFO  BackOfficeAdminMenu:4267 - Employee with name: John DoeNIF: 0 tried to register a new insurance but failed
2023-08-30 13:19:46 INFO  BackOfficeAdminMenu:4267 - Employee with name: John DoeNIF: 0 tried to register a new insurance but failed
2023-08-30 13:20:03 INFO  BackOfficeAdminMenu:4267 - Employee with name: John DoeNIF: 0 tried to register a new insurance but failed
2023-08-30 13:20:27 INFO  BackOfficeAdminMenu:4254 - Employee with name: John DoeNIF: 0 registered a new insurance and went back to the insert menu
2023-08-30 13:21:40 INFO  BackOfficeAdminMenu:4281 - Employee with name: John DoeNIF: 0 logged out
2023-08-30 14:15:51 INFO  BackOfficeAdminMenu:52 - Employee with name: John Doe and NIF: 0 initialized the BackOffice Menu
2023-08-30 14:16:00 INFO  BackOfficeAdminMenu:87 - Employee with name: John Doe NIF: 0 logged out
2023-08-30 14:20:44 INFO  BackOfficeAdminMenu:52 - Employee with name: John Doe and NIF: 0 initialized the BackOffice Menu
2023-08-30 14:20:47 INFO  BackOfficeAdminMenu:163 - Employee with name: John Doe NIF: 0 entered the Search Menu Page
2023-08-30 14:20:49 INFO  BackOfficeAdminMenu:420 - Employee with name: John Doe NIF: 0 entered the Customer Display Page
2023-08-30 14:20:54 INFO  BackOfficeAdminMenu:1151 - Employee with name: John Doe NIF: 0 displayed all the customers ordered by: Order by Address
2023-08-30 14:21:43 INFO  BackOfficeAdminMenu:1310 - Employee with name: John DoeNIF: 0 went back to search menu page
2023-08-30 14:21:51 INFO  BackOfficeAdminMenu:420 - Employee with name: John Doe NIF: 0 entered the Customer Display Page
2023-08-30 14:21:55 INFO  BackOfficeAdminMenu:1151 - Employee with name: John Doe NIF: 0 displayed all the customers ordered by: Order by Address
2023-08-30 14:22:13 INFO  BackOfficeAdminMenu:1299 - Employee with name: John DoeNIF: 0 logged out
2023-08-30 14:22:35 INFO  MenuEmployee:1079 - Employee with name: John Doe NIF: 0 displayed all the customers ordered by: Order by Name
2023-08-30 14:24:50 INFO  MenuEmployee:1079 - Employee with name: John Doe NIF: 0 displayed all the customers ordered by: Order by Name
2023-08-30 14:24:59 INFO  MenuEmployee:1232 - Employee with name: John DoeNIF: 0 went back to search menu page
2023-08-30 14:25:21 INFO  MenuEmployee:1090 - Employee with name: John Doe NIF: 0 displayed all the customers with NIF: 200000000ordered by: Order by NIF
2023-08-30 14:27:38 INFO  MenuEmployee:1221 - Employee with name: John DoeNIF: 0 logged out
2023-08-30 14:52:39 INFO  BackOfficeAdminMenu:52 - Employee with name: John Doe and NIF: 0 initialized the BackOffice Menu
2023-08-30 14:52:44 INFO  BackOfficeAdminMenu:163 - Employee with name: John Doe NIF: 0 entered the Search Menu Page
2023-08-30 14:52:50 INFO  BackOfficeAdminMenu:420 - Employee with name: John Doe NIF: 0 entered the Customer Display Page
2023-08-30 14:52:55 INFO  BackOfficeAdminMenu:1151 - Employee with name: John Doe NIF: 0 displayed all the customers ordered by: Order by NIF
2023-08-30 14:53:05 INFO  BackOfficeAdminMenu:1151 - Employee with name: John Doe NIF: 0 displayed all the customers ordered by: Order by NIF
2023-08-30 14:53:10 INFO  BackOfficeAdminMenu:1299 - Employee with name: John DoeNIF: 0 logged out
2023-08-30 14:53:38 INFO  MenuEmployee:1079 - Employee with name: John Doe NIF: 0 displayed all the customers ordered by: Order by Name
2023-08-30 14:53:45 INFO  MenuEmployee:1221 - Employee with name: John DoeNIF: 0 logged out
2023-08-30 15:04:55 INFO  BackOfficeAdminMenu:52 - Employee with name: John Doe and NIF: 0 initialized the BackOffice Menu
2023-08-30 15:04:59 INFO  BackOfficeAdminMenu:163 - Employee with name: John Doe NIF: 0 entered the Search Menu Page
2023-08-30 15:05:01 INFO  BackOfficeAdminMenu:420 - Employee with name: John Doe NIF: 0 entered the Customer Display Page
2023-08-30 15:05:05 INFO  BackOfficeAdminMenu:1151 - Employee with name: John Doe NIF: 0 displayed all the customers ordered by: Order by Name
2023-08-30 15:05:12 INFO  BackOfficeAdminMenu:1299 - Employee with name: John DoeNIF: 0 logged out
2023-08-30 15:05:33 INFO  MenuEmployee:1079 - Employee with name: John Doe NIF: 0 displayed all the customers ordered by: Order by NIF
2023-08-30 15:05:38 INFO  MenuEmployee:1221 - Employee with name: John DoeNIF: 0 logged out
2023-08-30 16:33:45 INFO  MenuEmployee:1079 - Employee with name: John Doe NIF: 0 displayed all the customers ordered by: Order by NIF
2023-08-30 16:33:59 INFO  MenuEmployee:1232 - Employee with name: John DoeNIF: 0 went back to search menu page
2023-08-30 17:20:07 INFO  BackOfficeAdminMenu:52 - Employee with name: John Doe and NIF: 0 initialized the BackOffice Menu
2023-08-30 17:20:11 INFO  BackOfficeAdminMenu:167 - Employee with name: John Doe NIF: 0 entered the Task Menu Page
2023-08-30 17:20:13 INFO  BackOfficeAdminMenu:281 - Employee with name: John Doe NIF: 0 failed to perform the task with ID: 6
2023-08-30 17:22:26 INFO  BackOfficeAdminMenu:247 - Employee with name: John Doe NIF: 0logged out
2023-08-30 23:22:32 INFO  BackOfficeAdminMenu:52 - Employee with name: John Doe and NIF: 0 initialized the BackOffice Menu
2023-08-30 23:22:34 INFO  BackOfficeAdminMenu:167 - Employee with name: John Doe NIF: 0 entered the Task Menu Page
2023-08-30 23:22:40 INFO  BackOfficeAdminMenu:258 - Employee with name: John Doe NIF: 0logged out
2023-08-30 23:23:00 INFO  BackOfficeAdminMenu:52 - Employee with name: John Doe and NIF: 0 initialized the BackOffice Menu
2023-08-30 23:23:01 INFO  BackOfficeAdminMenu:167 - Employee with name: John Doe NIF: 0 entered the Task Menu Page
2023-08-30 23:23:15 INFO  BackOfficeAdminMenu:258 - Employee with name: John Doe NIF: 0logged out
2023-08-30 23:24:14 INFO  BackOfficeAdminMenu:52 - Employee with name: John Doe and NIF: 0 initialized the BackOffice Menu
2023-08-30 23:24:16 INFO  BackOfficeAdminMenu:167 - Employee with name: John Doe NIF: 0 entered the Task Menu Page
2023-08-30 23:24:19 INFO  BackOfficeAdminMenu:248 - Employee with name: John Doe NIF: 0 went to delete task page
2023-08-30 23:24:23 INFO  BackOfficeAdminMenu:398 - Employee with name: John Doe NIF: 0 went back to the task menu
2023-08-30 23:24:24 INFO  BackOfficeAdminMenu:303 - Employee with name: John Doe NIF: 0 entered the View All Tasks Page
2023-08-30 23:24:32 INFO  BackOfficeAdminMenu:248 - Employee with name: John Doe NIF: 0 went to delete task page
2023-08-30 23:24:35 INFO  BackOfficeAdminMenu:381 - Employee with name: John Doe NIF: 0 deleted the task with ID: 1
2023-08-30 23:24:40 INFO  BackOfficeAdminMenu:303 - Employee with name: John Doe NIF: 0 entered the View All Tasks Page
2023-08-30 23:24:48 INFO  BackOfficeAdminMenu:248 - Employee with name: John Doe NIF: 0 went to delete task page
2023-08-30 23:24:50 INFO  BackOfficeAdminMenu:381 - Employee with name: John Doe NIF: 0 deleted the task with ID: 1
2023-08-30 23:24:53 INFO  BackOfficeAdminMenu:303 - Employee with name: John Doe NIF: 0 entered the View All Tasks Page
2023-08-30 23:24:59 INFO  BackOfficeAdminMenu:258 - Employee with name: John Doe NIF: 0logged out
2023-08-31 09:55:22 INFO  BackOfficeAdminMenu:52 - Employee with name: John Doe and NIF: 0 initialized the BackOffice Menu
2023-08-31 09:55:26 INFO  BackOfficeAdminMenu:147 - Employee with name: John Doe NIF: 0 entered the Registration Menu Page
2023-08-31 09:55:48 INFO  BackOfficeAdminMenu:4257 - Employee with name: John DoeNIF: 0 went back to main menu
2023-08-31 09:55:54 INFO  BackOfficeAdminMenu:184 - Employee with name: John Doe NIF: 0 logged out
2023-08-31 10:14:17 INFO  BackOfficeAdminMenu:52 - Employee with name: John Doe and NIF: 0 initialized the BackOffice Menu
2023-08-31 10:14:29 INFO  BackOfficeAdminMenu:147 - Employee with name: John Doe NIF: 0 entered the Registration Menu Page
2023-08-31 10:14:33 INFO  BackOfficeAdminMenu:4285 - Employee with name: John DoeNIF: 0 entered the customer registration page
2023-08-31 10:14:38 INFO  BackOfficeAdminMenu:4967 - Employee with name: John DoeNIF: 0 returned to registration menu page
2023-08-31 10:14:41 INFO  BackOfficeAdminMenu:4285 - Employee with name: John DoeNIF: 0 entered the customer registration page
2023-08-31 10:17:09 INFO  BackOfficeAdminMenu:4937 - Employee with name: John DoeNIF: 0 failed to register new employee with NIF: 200000005
2023-08-31 10:18:23 INFO  BackOfficeAdminMenu:4937 - Employee with name: John DoeNIF: 0 failed to register new employee with NIF: 200000011
2023-08-31 10:20:11 INFO  BackOfficeAdminMenu:4955 - Employee with name: John DoeNIF: 0 logged out
2023-08-31 10:38:49 INFO  Back Office Logs :52 - Employee with name: John Doe and NIF: 0 initialized the BackOffice Menu
2023-08-31 10:38:52 INFO  Back Office Logs :147 - Employee with name: John Doe NIF: 0 entered the Registration Menu Page
2023-08-31 10:57:16 INFO  Back Office Logs :53 - Employee with name: John Doe and NIF: 0 initialized the BackOffice Menu
2023-08-31 10:57:20 INFO  Back Office Logs :148 - Employee with name: John Doe NIF: 0 entered the Registration Menu Page
2023-08-31 10:57:22 INFO  Back Office Logs :4282 - Employee with name: John DoeNIF: 0 entered the employee registration page
2023-08-31 11:00:05 INFO  Back Office Logs :4739 - Employee with name: John DoeNIF: 0 registered a new employee with NIF: 200000071
2023-08-31 11:01:23 INFO  Back Office Logs :4774 - Employee with name: John DoeNIF: 0 returned to registration menu page
2023-08-31 11:01:37 INFO  Back Office Logs :4286 - Employee with name: John DoeNIF: 0 entered the customer registration page
2023-08-31 11:04:10 INFO  Back Office Logs :4944 - Employee with name: John DoeNIF: 0 failed to register new employee with NIF: 100000000
2023-08-31 11:08:44 INFO  Back Office Logs :4968 - Employee with name: John DoeNIF: 0 returned to registration menu page
2023-08-31 11:08:46 INFO  Back Office Logs :4258 - Employee with name: John DoeNIF: 0 went back to main menu
2023-08-31 11:08:48 INFO  Back Office Logs :88 - Employee with name: John Doe NIF: 0 logged out
2023-08-31 14:31:18 INFO  Back Office Logs :53 - Employee with name: John Doe and NIF: 0 initialized the BackOffice Menu
2023-08-31 14:31:23 INFO  Back Office Logs :148 - Employee with name: John Doe NIF: 0 entered the Registration Menu Page
2023-08-31 14:31:26 INFO  Back Office Logs :4294 - Employee with name: John DoeNIF: 0 entered the insurance registration page
2023-08-31 14:31:39 INFO  Back Office Logs :4415 - Employee with name: John DoeNIF: 0 logged out
2023-08-31 14:34:22 INFO  MenuEmployee:3132 - Employee with name: John DoeNIF: 0 logged out
2023-08-31 15:07:58 INFO  Back Office Logs :53 - Employee with name: John Doe and NIF: 0 initialized the BackOffice Menu
2023-08-31 15:08:01 INFO  Back Office Logs :168 - Employee with name: John Doe NIF: 0 entered the Task Menu Page
2023-08-31 15:10:58 INFO  Back Office Logs :53 - Employee with name: John Doe and NIF: 0 initialized the BackOffice Menu
2023-08-31 15:12:49 INFO  Back Office Logs :168 - Employee with name: John Doe NIF: 0 entered the Task Menu Page
2023-08-31 15:13:04 INFO  Back Office Logs :53 - Employee with name: John Doe and NIF: 0 initialized the BackOffice Menu
2023-08-31 15:13:27 INFO  Back Office Logs :53 - Employee with name: John Doe and NIF: 0 initialized the BackOffice Menu
2023-08-31 15:13:29 INFO  Back Office Logs :168 - Employee with name: John Doe NIF: 0 entered the Task Menu Page
